[INFO]-[2020/10/29 07:00:36] Cloning: 1603954835005's clone job's data is not in database, generating data
[INFO]-[2020/10/29 07:00:36] Cloning: 1603954835005's clone job's data is not in database, generating data
[INFO]-[2020/10/29 07:00:36] Cloning: 1603954835005's clone job's data is not in database, generating data
[INFO]-[2020/10/29 07:00:36] DB Copy: Creating table wpstg0_commentmeta
[INFO]-[2020/10/29 07:00:36] DB Copy: Table wp_commentmeta contains 0 rows 
[INFO]-[2020/10/29 07:00:36] DB Copy: Creating table wpstg0_commentmeta
[INFO]-[2020/10/29 07:00:36] DB Copy: Table wp_commentmeta contains 0 rows 
[INFO]-[2020/10/29 07:00:36] DB Copy: Creating table wpstg0_commentmeta
[INFO]-[2020/10/29 07:00:36] DB Copy: Table wp_commentmeta contains 0 rows 
[INFO]-[2020/10/29 07:00:37] DB Copy: Creating table wpstg0_comments
[INFO]-[2020/10/29 07:00:37] DB Copy: Table wp_comments contains 5 rows 
[INFO]-[2020/10/29 07:00:37] DB Copy: wp_comments as wpstg0_comments from 0 to 10000 records
[INFO]-[2020/10/29 07:00:37] DB Copy: Creating table wpstg0_comments
[INFO]-[2020/10/29 07:00:37] DB Copy: Table wp_comments contains 5 rows 
[INFO]-[2020/10/29 07:00:37] DB Copy: wp_comments as wpstg0_comments from 0 to 10000 records
[INFO]-[2020/10/29 07:00:37] DB Copy: Creating table wpstg0_comments
[INFO]-[2020/10/29 07:00:37] DB Copy: Table wp_comments contains 5 rows 
[INFO]-[2020/10/29 07:00:37] DB Copy: wp_comments as wpstg0_comments from 0 to 10000 records
[INFO]-[2020/10/29 07:00:37] DB Copy: Creating table wpstg0_links
[INFO]-[2020/10/29 07:00:37] DB Copy: Table wp_links contains 0 rows 
[INFO]-[2020/10/29 07:00:37] DB Copy: Creating table wpstg0_links
[INFO]-[2020/10/29 07:00:37] DB Copy: Table wp_links contains 0 rows 
[INFO]-[2020/10/29 07:00:37] DB Copy: Creating table wpstg0_links
[INFO]-[2020/10/29 07:00:37] DB Copy: Table wp_links contains 0 rows 
[INFO]-[2020/10/29 07:00:37] DB Copy: Creating table wpstg0_options
[INFO]-[2020/10/29 07:00:37] DB Copy: Table wp_options contains 171 rows 
[INFO]-[2020/10/29 07:00:37] DB Copy: wp_options as wpstg0_options from 0 to 10000 records
[INFO]-[2020/10/29 07:00:37] DB Copy: Creating table wpstg0_options
[INFO]-[2020/10/29 07:00:37] DB Copy: Table wp_options contains 171 rows 
[INFO]-[2020/10/29 07:00:37] DB Copy: wp_options as wpstg0_options from 0 to 10000 records
[INFO]-[2020/10/29 07:00:37] DB Copy: Creating table wpstg0_options
[INFO]-[2020/10/29 07:00:37] DB Copy: Table wp_options contains 171 rows 
[INFO]-[2020/10/29 07:00:37] DB Copy: wp_options as wpstg0_options from 0 to 10000 records
[INFO]-[2020/10/29 07:00:38] DB Copy: Creating table wpstg0_postmeta
[INFO]-[2020/10/29 07:00:38] DB Copy: Table wp_postmeta contains 240 rows 
[INFO]-[2020/10/29 07:00:38] DB Copy: wp_postmeta as wpstg0_postmeta from 0 to 10000 records
[INFO]-[2020/10/29 07:00:38] DB Copy: Creating table wpstg0_postmeta
[INFO]-[2020/10/29 07:00:38] DB Copy: Table wp_postmeta contains 240 rows 
[INFO]-[2020/10/29 07:00:38] DB Copy: wp_postmeta as wpstg0_postmeta from 0 to 10000 records
[INFO]-[2020/10/29 07:00:38] DB Copy: Creating table wpstg0_postmeta
[INFO]-[2020/10/29 07:00:38] DB Copy: Table wp_postmeta contains 240 rows 
[INFO]-[2020/10/29 07:00:38] DB Copy: wp_postmeta as wpstg0_postmeta from 0 to 10000 records
[INFO]-[2020/10/29 07:00:38] DB Copy: Creating table wpstg0_posts
[INFO]-[2020/10/29 07:00:38] DB Copy: Table wp_posts contains 92 rows 
[INFO]-[2020/10/29 07:00:38] DB Copy: wp_posts as wpstg0_posts from 0 to 10000 records
[INFO]-[2020/10/29 07:00:38] DB Copy: Creating table wpstg0_posts
[INFO]-[2020/10/29 07:00:38] DB Copy: Table wp_posts contains 92 rows 
[INFO]-[2020/10/29 07:00:38] DB Copy: wp_posts as wpstg0_posts from 0 to 10000 records
[INFO]-[2020/10/29 07:00:38] DB Copy: Creating table wpstg0_posts
[INFO]-[2020/10/29 07:00:38] DB Copy: Table wp_posts contains 92 rows 
[INFO]-[2020/10/29 07:00:38] DB Copy: wp_posts as wpstg0_posts from 0 to 10000 records
[INFO]-[2020/10/29 07:00:38] DB Copy: Creating table wpstg0_term_relationships
[INFO]-[2020/10/29 07:00:38] DB Copy: Table wp_term_relationships contains 76 rows 
[INFO]-[2020/10/29 07:00:38] DB Copy: wp_term_relationships as wpstg0_term_relationships from 0 to 10000 records
[INFO]-[2020/10/29 07:00:38] DB Copy: Creating table wpstg0_term_relationships
[INFO]-[2020/10/29 07:00:38] DB Copy: Table wp_term_relationships contains 76 rows 
[INFO]-[2020/10/29 07:00:38] DB Copy: wp_term_relationships as wpstg0_term_relationships from 0 to 10000 records
[INFO]-[2020/10/29 07:00:38] DB Copy: Creating table wpstg0_term_relationships
[INFO]-[2020/10/29 07:00:38] DB Copy: Table wp_term_relationships contains 76 rows 
[INFO]-[2020/10/29 07:00:38] DB Copy: wp_term_relationships as wpstg0_term_relationships from 0 to 10000 records
[INFO]-[2020/10/29 07:00:39] DB Copy: Creating table wpstg0_term_taxonomy
[INFO]-[2020/10/29 07:00:39] DB Copy: Table wp_term_taxonomy contains 50 rows 
[INFO]-[2020/10/29 07:00:39] DB Copy: wp_term_taxonomy as wpstg0_term_taxonomy from 0 to 10000 records
[INFO]-[2020/10/29 07:00:39] DB Copy: Creating table wpstg0_term_taxonomy
[INFO]-[2020/10/29 07:00:39] DB Copy: Table wp_term_taxonomy contains 50 rows 
[INFO]-[2020/10/29 07:00:39] DB Copy: wp_term_taxonomy as wpstg0_term_taxonomy from 0 to 10000 records
[INFO]-[2020/10/29 07:00:39] DB Copy: Creating table wpstg0_term_taxonomy
[INFO]-[2020/10/29 07:00:39] DB Copy: Table wp_term_taxonomy contains 50 rows 
[INFO]-[2020/10/29 07:00:39] DB Copy: wp_term_taxonomy as wpstg0_term_taxonomy from 0 to 10000 records
[INFO]-[2020/10/29 07:00:39] DB Copy: Creating table wpstg0_termmeta
[INFO]-[2020/10/29 07:00:39] DB Copy: Table wp_termmeta contains 0 rows 
[INFO]-[2020/10/29 07:00:39] DB Copy: Creating table wpstg0_termmeta
[INFO]-[2020/10/29 07:00:39] DB Copy: Table wp_termmeta contains 0 rows 
[INFO]-[2020/10/29 07:00:39] DB Copy: Creating table wpstg0_termmeta
[INFO]-[2020/10/29 07:00:39] DB Copy: Table wp_termmeta contains 0 rows 
[INFO]-[2020/10/29 07:00:39] DB Copy: Creating table wpstg0_terms
[INFO]-[2020/10/29 07:00:39] DB Copy: Table wp_terms contains 50 rows 
[INFO]-[2020/10/29 07:00:39] DB Copy: wp_terms as wpstg0_terms from 0 to 10000 records
[INFO]-[2020/10/29 07:00:39] DB Copy: Creating table wpstg0_terms
[INFO]-[2020/10/29 07:00:39] DB Copy: Table wp_terms contains 50 rows 
[INFO]-[2020/10/29 07:00:39] DB Copy: wp_terms as wpstg0_terms from 0 to 10000 records
[INFO]-[2020/10/29 07:00:39] DB Copy: Creating table wpstg0_terms
[INFO]-[2020/10/29 07:00:39] DB Copy: Table wp_terms contains 50 rows 
[INFO]-[2020/10/29 07:00:39] DB Copy: wp_terms as wpstg0_terms from 0 to 10000 records
[INFO]-[2020/10/29 07:00:39] DB Copy: Creating table wpstg0_top_ten
[INFO]-[2020/10/29 07:00:39] DB Copy: Table wp_top_ten contains 3 rows 
[INFO]-[2020/10/29 07:00:39] DB Copy: wp_top_ten as wpstg0_top_ten from 0 to 10000 records
[INFO]-[2020/10/29 07:00:39] DB Copy: Creating table wpstg0_top_ten
[INFO]-[2020/10/29 07:00:39] DB Copy: Table wp_top_ten contains 3 rows 
[INFO]-[2020/10/29 07:00:39] DB Copy: wp_top_ten as wpstg0_top_ten from 0 to 10000 records
[INFO]-[2020/10/29 07:00:39] DB Copy: Creating table wpstg0_top_ten
[INFO]-[2020/10/29 07:00:39] DB Copy: Table wp_top_ten contains 3 rows 
[INFO]-[2020/10/29 07:00:39] DB Copy: wp_top_ten as wpstg0_top_ten from 0 to 10000 records
[INFO]-[2020/10/29 07:00:40] DB Copy: Creating table wpstg0_top_ten_daily
[INFO]-[2020/10/29 07:00:40] DB Copy: Table wp_top_ten_daily contains 12 rows 
[INFO]-[2020/10/29 07:00:40] DB Copy: wp_top_ten_daily as wpstg0_top_ten_daily from 0 to 10000 records
[INFO]-[2020/10/29 07:00:40] DB Copy: Creating table wpstg0_top_ten_daily
[INFO]-[2020/10/29 07:00:40] DB Copy: Table wp_top_ten_daily contains 12 rows 
[INFO]-[2020/10/29 07:00:40] DB Copy: wp_top_ten_daily as wpstg0_top_ten_daily from 0 to 10000 records
[INFO]-[2020/10/29 07:00:40] DB Copy: Creating table wpstg0_top_ten_daily
[INFO]-[2020/10/29 07:00:40] DB Copy: Table wp_top_ten_daily contains 12 rows 
[INFO]-[2020/10/29 07:00:40] DB Copy: wp_top_ten_daily as wpstg0_top_ten_daily from 0 to 10000 records
[INFO]-[2020/10/29 07:00:40] DB Copy: Creating table wpstg0_usermeta
[INFO]-[2020/10/29 07:00:40] DB Copy: Table wp_usermeta contains 25 rows 
[INFO]-[2020/10/29 07:00:40] DB Copy: wp_usermeta as wpstg0_usermeta from 0 to 10000 records
[INFO]-[2020/10/29 07:00:40] DB Copy: Creating table wpstg0_usermeta
[INFO]-[2020/10/29 07:00:40] DB Copy: Table wp_usermeta contains 25 rows 
[INFO]-[2020/10/29 07:00:40] DB Copy: wp_usermeta as wpstg0_usermeta from 0 to 10000 records
[INFO]-[2020/10/29 07:00:40] DB Copy: Creating table wpstg0_usermeta
[INFO]-[2020/10/29 07:00:40] DB Copy: Table wp_usermeta contains 25 rows 
[INFO]-[2020/10/29 07:00:40] DB Copy: wp_usermeta as wpstg0_usermeta from 0 to 10000 records
[INFO]-[2020/10/29 07:00:40] DB Copy: Creating table wpstg0_users
[INFO]-[2020/10/29 07:00:40] DB Copy: Table wp_users contains 1 rows 
[INFO]-[2020/10/29 07:00:40] DB Copy: wp_users as wpstg0_users from 0 to 10000 records
[INFO]-[2020/10/29 07:00:40] DB Copy: Creating table wpstg0_users
[INFO]-[2020/10/29 07:00:40] DB Copy: Table wp_users contains 1 rows 
[INFO]-[2020/10/29 07:00:40] DB Copy: wp_users as wpstg0_users from 0 to 10000 records
[INFO]-[2020/10/29 07:00:40] DB Copy: Creating table wpstg0_users
[INFO]-[2020/10/29 07:00:40] DB Copy: Table wp_users contains 1 rows 
[INFO]-[2020/10/29 07:00:40] DB Copy: wp_users as wpstg0_users from 0 to 10000 records
[]-[] 
[]-[] 
[]-[] 
[]-[] 
[]-[] 
[]-[] 
[]-[] 
[]-[] 
[]-[] 
[INFO]-[2020/10/29 07:00:41] DB Search & Replace:  Table wpstg0_comments 0 to 5000 records
[INFO]-[2020/10/29 07:00:41] DB Search & Replace:  Table wpstg0_comments 0 to 5000 records
[INFO]-[2020/10/29 07:00:41] DB Search & Replace:  Table wpstg0_comments 0 to 5000 records
[]-[] 
[]-[] 
[]-[] 
[INFO]-[2020/10/29 07:00:42] DB Search & Replace:  Table wpstg0_options 0 to 5000 records
[INFO]-[2020/10/29 07:00:42] DB Search & Replace:  Table wpstg0_options 0 to 5000 records
[INFO]-[2020/10/29 07:00:42] DB Search & Replace:  Table wpstg0_options 0 to 5000 records
[INFO]-[2020/10/29 07:00:42] DB Search & Replace:  Table wpstg0_postmeta 0 to 5000 records
[INFO]-[2020/10/29 07:00:42] DB Search & Replace:  Table wpstg0_postmeta 0 to 5000 records
[INFO]-[2020/10/29 07:00:42] DB Search & Replace:  Table wpstg0_postmeta 0 to 5000 records
[INFO]-[2020/10/29 07:00:42] DB Search & Replace:  Table wpstg0_posts 0 to 5000 records
[INFO]-[2020/10/29 07:00:42] DB Search & Replace:  Table wpstg0_posts 0 to 5000 records
[INFO]-[2020/10/29 07:00:42] DB Search & Replace:  Table wpstg0_posts 0 to 5000 records
[INFO]-[2020/10/29 07:00:43] DB Search & Replace:  Table wpstg0_term_relationships 0 to 5000 records
[INFO]-[2020/10/29 07:00:43] DB Search & Replace:  Table wpstg0_term_relationships 0 to 5000 records
[INFO]-[2020/10/29 07:00:43] DB Search & Replace:  Table wpstg0_term_relationships 0 to 5000 records
[INFO]-[2020/10/29 07:00:43] DB Search & Replace:  Table wpstg0_term_taxonomy 0 to 5000 records
[INFO]-[2020/10/29 07:00:43] DB Search & Replace:  Table wpstg0_term_taxonomy 0 to 5000 records
[INFO]-[2020/10/29 07:00:43] DB Search & Replace:  Table wpstg0_term_taxonomy 0 to 5000 records
[]-[] 
[]-[] 
[]-[] 
[INFO]-[2020/10/29 07:00:44] DB Search & Replace:  Table wpstg0_terms 0 to 5000 records
[INFO]-[2020/10/29 07:00:44] DB Search & Replace:  Table wpstg0_terms 0 to 5000 records
[INFO]-[2020/10/29 07:00:44] DB Search & Replace:  Table wpstg0_terms 0 to 5000 records
[INFO]-[2020/10/29 07:00:44] DB Search & Replace:  Table wpstg0_top_ten 0 to 5000 records
[INFO]-[2020/10/29 07:00:44] DB Search & Replace:  Table wpstg0_top_ten 0 to 5000 records
[INFO]-[2020/10/29 07:00:44] DB Search & Replace:  Table wpstg0_top_ten 0 to 5000 records
[INFO]-[2020/10/29 07:00:44] DB Search & Replace:  Table wpstg0_top_ten_daily 0 to 5000 records
[INFO]-[2020/10/29 07:00:44] DB Search & Replace:  Table wpstg0_top_ten_daily 0 to 5000 records
[INFO]-[2020/10/29 07:00:44] DB Search & Replace:  Table wpstg0_top_ten_daily 0 to 5000 records
[INFO]-[2020/10/29 07:00:44] DB Search & Replace:  Table wpstg0_usermeta 0 to 5000 records
[INFO]-[2020/10/29 07:00:44] DB Search & Replace:  Table wpstg0_usermeta 0 to 5000 records
[INFO]-[2020/10/29 07:00:44] DB Search & Replace:  Table wpstg0_usermeta 0 to 5000 records
[INFO]-[2020/10/29 07:00:45] DB Search & Replace:  Table wpstg0_users 0 to 5000 records
[INFO]-[2020/10/29 07:00:45] DB Search & Replace:  Table wpstg0_users 0 to 5000 records
[INFO]-[2020/10/29 07:00:45] DB Search & Replace:  Table wpstg0_users 0 to 5000 records
[]-[] 
[]-[] 
[]-[] 
[INFO]-[2020/10/29 07:00:45] Scanning / for files
[INFO]-[2020/10/29 07:00:45] Scanning / for files
[INFO]-[2020/10/29 07:00:45] Scanning / for files
[INFO]-[2020/10/29 07:00:46] Scanning wp-content folder /home/hmsshakil/public_html/personalblog/wp-content
[INFO]-[2020/10/29 07:00:46] Scanning wp-content folder /home/hmsshakil/public_html/personalblog/wp-content
[INFO]-[2020/10/29 07:00:46] Scanning wp-content folder /home/hmsshakil/public_html/personalblog/wp-content
[INFO]-[2020/10/29 07:00:46] Scanning /wp-includes for its sub-directories and files
[INFO]-[2020/10/29 07:00:46] Scanning /wp-includes for its sub-directories and files
[INFO]-[2020/10/29 07:00:46] Scanning /wp-includes for its sub-directories and files
[INFO]-[2020/10/29 07:00:47] Scanning /wp-admin for its sub-directories and files
[INFO]-[2020/10/29 07:00:47] Scanning /wp-admin for its sub-directories and files
[INFO]-[2020/10/29 07:00:47] Scanning /wp-admin for its sub-directories and files
[INFO]-[2020/10/29 07:00:48] Copying files...
[INFO]-[2020/10/29 07:00:53] Total 50 files processed
[INFO]-[2020/10/29 07:00:48] Copying files...
[INFO]-[2020/10/29 07:00:53] Total 50 files processed
[INFO]-[2020/10/29 07:00:48] Copying files...
[INFO]-[2020/10/29 07:00:53] Total 50 files processed
[INFO]-[2020/10/29 07:00:56] Total 100 files processed
[INFO]-[2020/10/29 07:00:56] Total 100 files processed
[INFO]-[2020/10/29 07:00:56] Total 100 files processed
[INFO]-[2020/10/29 07:00:56] Total 150 files processed
[INFO]-[2020/10/29 07:00:56] Total 150 files processed
[INFO]-[2020/10/29 07:00:56] Total 150 files processed
[INFO]-[2020/10/29 07:00:57] Total 200 files processed
[INFO]-[2020/10/29 07:00:57] Total 200 files processed
[INFO]-[2020/10/29 07:00:57] Total 200 files processed
[INFO]-[2020/10/29 07:00:57] Total 250 files processed
[INFO]-[2020/10/29 07:00:57] Total 250 files processed
[INFO]-[2020/10/29 07:00:57] Total 250 files processed
[INFO]-[2020/10/29 07:00:58] Total 300 files processed
[INFO]-[2020/10/29 07:00:58] Total 300 files processed
[INFO]-[2020/10/29 07:00:58] Total 300 files processed
[INFO]-[2020/10/29 07:00:58] Total 350 files processed
[INFO]-[2020/10/29 07:00:58] Total 350 files processed
[INFO]-[2020/10/29 07:00:58] Total 350 files processed
[INFO]-[2020/10/29 07:00:58] Total 400 files processed
[INFO]-[2020/10/29 07:00:58] Total 400 files processed
[INFO]-[2020/10/29 07:00:58] Total 400 files processed
[INFO]-[2020/10/29 07:00:59] Total 450 files processed
[INFO]-[2020/10/29 07:00:59] Total 450 files processed
[INFO]-[2020/10/29 07:00:59] Total 450 files processed
[INFO]-[2020/10/29 07:00:59] Total 500 files processed
[INFO]-[2020/10/29 07:00:59] Total 500 files processed
[INFO]-[2020/10/29 07:00:59] Total 500 files processed
[INFO]-[2020/10/29 07:01:01] Total 550 files processed
[INFO]-[2020/10/29 07:01:01] Total 550 files processed
[INFO]-[2020/10/29 07:01:01] Total 550 files processed
[INFO]-[2020/10/29 07:01:02] Total 600 files processed
[INFO]-[2020/10/29 07:01:02] Total 600 files processed
[INFO]-[2020/10/29 07:01:02] Total 600 files processed
[INFO]-[2020/10/29 07:01:04] Total 650 files processed
[INFO]-[2020/10/29 07:01:04] Total 650 files processed
[INFO]-[2020/10/29 07:01:04] Total 650 files processed
[INFO]-[2020/10/29 07:01:04] Total 700 files processed
[INFO]-[2020/10/29 07:01:04] Total 700 files processed
[INFO]-[2020/10/29 07:01:04] Total 700 files processed
[INFO]-[2020/10/29 07:01:05] Total 750 files processed
[INFO]-[2020/10/29 07:01:05] Total 750 files processed
[INFO]-[2020/10/29 07:01:05] Total 750 files processed
[INFO]-[2020/10/29 07:01:07] Total 800 files processed
[INFO]-[2020/10/29 07:01:07] Total 800 files processed
[INFO]-[2020/10/29 07:01:07] Total 800 files processed
[INFO]-[2020/10/29 07:01:07] Total 850 files processed
[INFO]-[2020/10/29 07:01:07] Total 850 files processed
[INFO]-[2020/10/29 07:01:07] Total 850 files processed
[INFO]-[2020/10/29 07:01:08] Total 900 files processed
[INFO]-[2020/10/29 07:01:08] Total 900 files processed
[INFO]-[2020/10/29 07:01:08] Total 900 files processed
[INFO]-[2020/10/29 07:01:09] Total 950 files processed
[INFO]-[2020/10/29 07:01:09] Total 950 files processed
[INFO]-[2020/10/29 07:01:09] Total 950 files processed
[INFO]-[2020/10/29 07:01:10] Total 1000 files processed
[INFO]-[2020/10/29 07:01:10] Total 1000 files processed
[INFO]-[2020/10/29 07:01:10] Total 1000 files processed
[INFO]-[2020/10/29 07:01:11] Total 1050 files processed
[INFO]-[2020/10/29 07:01:11] Total 1050 files processed
[INFO]-[2020/10/29 07:01:11] Total 1050 files processed
[INFO]-[2020/10/29 07:01:12] Total 1100 files processed
[INFO]-[2020/10/29 07:01:12] Total 1100 files processed
[INFO]-[2020/10/29 07:01:12] Total 1100 files processed
[INFO]-[2020/10/29 07:01:13] Total 1150 files processed
[INFO]-[2020/10/29 07:01:13] Total 1150 files processed
[INFO]-[2020/10/29 07:01:13] Total 1150 files processed
[INFO]-[2020/10/29 07:01:14] Total 1200 files processed
[INFO]-[2020/10/29 07:01:14] Total 1200 files processed
[INFO]-[2020/10/29 07:01:14] Total 1200 files processed
[INFO]-[2020/10/29 07:01:16] Total 1250 files processed
[INFO]-[2020/10/29 07:01:16] Total 1250 files processed
[INFO]-[2020/10/29 07:01:16] Total 1250 files processed
[INFO]-[2020/10/29 07:01:17] Total 1300 files processed
[INFO]-[2020/10/29 07:01:17] Total 1300 files processed
[INFO]-[2020/10/29 07:01:17] Total 1300 files processed
[INFO]-[2020/10/29 07:01:18] Total 1350 files processed
[INFO]-[2020/10/29 07:01:18] Total 1350 files processed
[INFO]-[2020/10/29 07:01:18] Total 1350 files processed
[INFO]-[2020/10/29 07:01:19] Total 1400 files processed
[INFO]-[2020/10/29 07:01:19] Total 1400 files processed
[INFO]-[2020/10/29 07:01:19] Total 1400 files processed
[INFO]-[2020/10/29 07:01:20] Total 1450 files processed
[INFO]-[2020/10/29 07:01:20] Total 1450 files processed
[INFO]-[2020/10/29 07:01:20] Total 1450 files processed
[INFO]-[2020/10/29 07:01:21] Skipping big file: /home/hmsshakil/public_html/personalblog/wp-content/ai1wm-backups/personalblog.hmsshakil.xyz-20201029-065131-2gx01v.wpress
[INFO]-[2020/10/29 07:01:21] Skipping big file: /home/hmsshakil/public_html/personalblog/wp-content/ai1wm-backups/personalblog.hmsshakil.xyz-20201029-064627-ijyzx4.wpress
[INFO]-[2020/10/29 07:01:21] Skipping big file: /home/hmsshakil/public_html/personalblog/wp-content/ai1wm-backups/personalblog.hmsshakil.xyz-20201029-063656-r5mtdo.wpress
[INFO]-[2020/10/29 07:01:22] Total 1500 files processed
[INFO]-[2020/10/29 07:01:21] Skipping big file: /home/hmsshakil/public_html/personalblog/wp-content/ai1wm-backups/personalblog.hmsshakil.xyz-20201029-065131-2gx01v.wpress
[INFO]-[2020/10/29 07:01:21] Skipping big file: /home/hmsshakil/public_html/personalblog/wp-content/ai1wm-backups/personalblog.hmsshakil.xyz-20201029-064627-ijyzx4.wpress
[INFO]-[2020/10/29 07:01:21] Skipping big file: /home/hmsshakil/public_html/personalblog/wp-content/ai1wm-backups/personalblog.hmsshakil.xyz-20201029-063656-r5mtdo.wpress
[INFO]-[2020/10/29 07:01:22] Total 1500 files processed
[INFO]-[2020/10/29 07:01:21] Skipping big file: /home/hmsshakil/public_html/personalblog/wp-content/ai1wm-backups/personalblog.hmsshakil.xyz-20201029-065131-2gx01v.wpress
[INFO]-[2020/10/29 07:01:21] Skipping big file: /home/hmsshakil/public_html/personalblog/wp-content/ai1wm-backups/personalblog.hmsshakil.xyz-20201029-064627-ijyzx4.wpress
[INFO]-[2020/10/29 07:01:21] Skipping big file: /home/hmsshakil/public_html/personalblog/wp-content/ai1wm-backups/personalblog.hmsshakil.xyz-20201029-063656-r5mtdo.wpress
[INFO]-[2020/10/29 07:01:22] Total 1500 files processed
[INFO]-[2020/10/29 07:01:25] Total 1550 files processed
[INFO]-[2020/10/29 07:01:25] Total 1550 files processed
[INFO]-[2020/10/29 07:01:25] Total 1550 files processed
[INFO]-[2020/10/29 07:01:29] Total 1600 files processed
[INFO]-[2020/10/29 07:01:29] Total 1600 files processed
[INFO]-[2020/10/29 07:01:29] Total 1600 files processed
[INFO]-[2020/10/29 07:01:32] Total 1650 files processed
[INFO]-[2020/10/29 07:01:32] Total 1650 files processed
[INFO]-[2020/10/29 07:01:32] Total 1650 files processed
[INFO]-[2020/10/29 07:01:35] Total 1700 files processed
[INFO]-[2020/10/29 07:01:35] Total 1700 files processed
[INFO]-[2020/10/29 07:01:35] Total 1700 files processed
[INFO]-[2020/10/29 07:01:38] Total 1750 files processed
[INFO]-[2020/10/29 07:01:38] Total 1750 files processed
[INFO]-[2020/10/29 07:01:38] Total 1750 files processed
[INFO]-[2020/10/29 07:01:41] Total 1800 files processed
[INFO]-[2020/10/29 07:01:41] Total 1800 files processed
[INFO]-[2020/10/29 07:01:41] Total 1800 files processed
[INFO]-[2020/10/29 07:01:44] Total 1850 files processed
[INFO]-[2020/10/29 07:01:44] Total 1850 files processed
[INFO]-[2020/10/29 07:01:44] Total 1850 files processed
[INFO]-[2020/10/29 07:01:49] Total 1900 files processed
[INFO]-[2020/10/29 07:01:49] Total 1900 files processed
[INFO]-[2020/10/29 07:01:49] Total 1900 files processed
[INFO]-[2020/10/29 07:01:53] Total 1950 files processed
[INFO]-[2020/10/29 07:01:53] Total 1950 files processed
[INFO]-[2020/10/29 07:01:53] Total 1950 files processed
[INFO]-[2020/10/29 07:01:56] Total 2000 files processed
[INFO]-[2020/10/29 07:01:56] Total 2000 files processed
[INFO]-[2020/10/29 07:01:56] Total 2000 files processed
[INFO]-[2020/10/29 07:01:59] Total 2050 files processed
[INFO]-[2020/10/29 07:01:59] Total 2050 files processed
[INFO]-[2020/10/29 07:01:59] Total 2050 files processed
[INFO]-[2020/10/29 07:02:03] Total 2100 files processed
[INFO]-[2020/10/29 07:02:03] Total 2100 files processed
[INFO]-[2020/10/29 07:02:03] Total 2100 files processed
[INFO]-[2020/10/29 07:02:14] Total 2150 files processed
[INFO]-[2020/10/29 07:02:14] Total 2150 files processed
[INFO]-[2020/10/29 07:02:14] Total 2150 files processed
[INFO]-[2020/10/29 07:02:18] Total 2200 files processed
[INFO]-[2020/10/29 07:02:18] Total 2200 files processed
[INFO]-[2020/10/29 07:02:18] Total 2200 files processed
[INFO]-[2020/10/29 07:02:21] Total 2250 files processed
[INFO]-[2020/10/29 07:02:21] Total 2250 files processed
[INFO]-[2020/10/29 07:02:21] Total 2250 files processed
[INFO]-[2020/10/29 07:02:22] Total 2300 files processed
[INFO]-[2020/10/29 07:02:22] Total 2300 files processed
[INFO]-[2020/10/29 07:02:22] Total 2300 files processed
[INFO]-[2020/10/29 07:02:22] Total 2350 files processed
[INFO]-[2020/10/29 07:02:22] Total 2350 files processed
[INFO]-[2020/10/29 07:02:22] Total 2350 files processed
[INFO]-[2020/10/29 07:02:24] Total 2400 files processed
[INFO]-[2020/10/29 07:02:24] Total 2400 files processed
[INFO]-[2020/10/29 07:02:24] Total 2400 files processed
[INFO]-[2020/10/29 07:02:25] Total 2450 files processed
[INFO]-[2020/10/29 07:02:25] Total 2450 files processed
[INFO]-[2020/10/29 07:02:25] Total 2450 files processed
[INFO]-[2020/10/29 07:02:28] Total 2500 files processed
[INFO]-[2020/10/29 07:02:28] Total 2500 files processed
[INFO]-[2020/10/29 07:02:28] Total 2500 files processed
[INFO]-[2020/10/29 07:02:31] Total 2550 files processed
[INFO]-[2020/10/29 07:02:31] Total 2550 files processed
[INFO]-[2020/10/29 07:02:31] Total 2550 files processed
[INFO]-[2020/10/29 07:02:33] Total 2600 files processed
[INFO]-[2020/10/29 07:02:33] Total 2600 files processed
[INFO]-[2020/10/29 07:02:33] Total 2600 files processed
[INFO]-[2020/10/29 07:02:43] Total 2650 files processed
[INFO]-[2020/10/29 07:02:43] Total 2650 files processed
[INFO]-[2020/10/29 07:02:43] Total 2650 files processed
[INFO]-[2020/10/29 07:02:54] Total 2700 files processed
[INFO]-[2020/10/29 07:02:54] Total 2700 files processed
[INFO]-[2020/10/29 07:02:54] Total 2700 files processed
[INFO]-[2020/10/29 07:03:03] Total 2750 files processed
[INFO]-[2020/10/29 07:03:03] Total 2750 files processed
[INFO]-[2020/10/29 07:03:03] Total 2750 files processed
[INFO]-[2020/10/29 07:03:08] Total 2800 files processed
[INFO]-[2020/10/29 07:03:08] Total 2800 files processed
[INFO]-[2020/10/29 07:03:08] Total 2800 files processed
[INFO]-[2020/10/29 07:03:11] Total 2850 files processed
[INFO]-[2020/10/29 07:03:11] Total 2850 files processed
[INFO]-[2020/10/29 07:03:11] Total 2850 files processed
[INFO]-[2020/10/29 07:03:12] Total 2900 files processed
[INFO]-[2020/10/29 07:03:12] Total 2900 files processed
[INFO]-[2020/10/29 07:03:12] Total 2900 files processed
[INFO]-[2020/10/29 07:03:13] Total 2950 files processed
[INFO]-[2020/10/29 07:03:13] Total 2950 files processed
[INFO]-[2020/10/29 07:03:13] Total 2950 files processed
[INFO]-[2020/10/29 07:03:14] Total 3000 files processed
[INFO]-[2020/10/29 07:03:14] Total 3000 files processed
[INFO]-[2020/10/29 07:03:14] Total 3000 files processed
[INFO]-[2020/10/29 07:03:16] Total 3050 files processed
[INFO]-[2020/10/29 07:03:16] Total 3050 files processed
[INFO]-[2020/10/29 07:03:16] Total 3050 files processed
[INFO]-[2020/10/29 07:03:17] Total 3100 files processed
[INFO]-[2020/10/29 07:03:17] Total 3100 files processed
[INFO]-[2020/10/29 07:03:17] Total 3100 files processed
[INFO]-[2020/10/29 07:03:18] Total 3150 files processed
[INFO]-[2020/10/29 07:03:18] Total 3150 files processed
[INFO]-[2020/10/29 07:03:18] Total 3150 files processed
[INFO]-[2020/10/29 07:03:18] Total 3200 files processed
[INFO]-[2020/10/29 07:03:18] Total 3200 files processed
[INFO]-[2020/10/29 07:03:18] Total 3200 files processed
[INFO]-[2020/10/29 07:03:21] Total 3250 files processed
[INFO]-[2020/10/29 07:03:21] Total 3250 files processed
[INFO]-[2020/10/29 07:03:21] Total 3250 files processed
[INFO]-[2020/10/29 07:03:23] Total 3300 files processed
[INFO]-[2020/10/29 07:03:23] Total 3300 files processed
[INFO]-[2020/10/29 07:03:23] Total 3300 files processed
[INFO]-[2020/10/29 07:03:25] Total 3350 files processed
[INFO]-[2020/10/29 07:03:25] Total 3350 files processed
[INFO]-[2020/10/29 07:03:25] Total 3350 files processed
[INFO]-[2020/10/29 07:03:27] Total 3400 files processed
[INFO]-[2020/10/29 07:03:27] Total 3400 files processed
[INFO]-[2020/10/29 07:03:27] Total 3400 files processed
[INFO]-[2020/10/29 07:03:28] Total 3450 files processed
[INFO]-[2020/10/29 07:03:28] Total 3450 files processed
[INFO]-[2020/10/29 07:03:28] Total 3450 files processed
[INFO]-[2020/10/29 07:03:29] Total 3500 files processed
[INFO]-[2020/10/29 07:03:29] Total 3500 files processed
[INFO]-[2020/10/29 07:03:29] Total 3500 files processed
[INFO]-[2020/10/29 07:03:30] Total 3550 files processed
[INFO]-[2020/10/29 07:03:30] Total 3550 files processed
[INFO]-[2020/10/29 07:03:30] Total 3550 files processed
[INFO]-[2020/10/29 07:03:32] Total 3600 files processed
[INFO]-[2020/10/29 07:03:32] Total 3600 files processed
[INFO]-[2020/10/29 07:03:32] Total 3600 files processed
[INFO]-[2020/10/29 07:03:34] Total 3650 files processed
[INFO]-[2020/10/29 07:03:34] Total 3650 files processed
[INFO]-[2020/10/29 07:03:34] Total 3650 files processed
[INFO]-[2020/10/29 07:03:35] Total 3700 files processed
[INFO]-[2020/10/29 07:03:35] Total 3700 files processed
[INFO]-[2020/10/29 07:03:35] Total 3700 files processed
[INFO]-[2020/10/29 07:03:37] Total 3750 files processed
[INFO]-[2020/10/29 07:03:37] Total 3750 files processed
[INFO]-[2020/10/29 07:03:37] Total 3750 files processed
[INFO]-[2020/10/29 07:03:39] Total 3800 files processed
[INFO]-[2020/10/29 07:03:39] Total 3800 files processed
[INFO]-[2020/10/29 07:03:39] Total 3800 files processed
[INFO]-[2020/10/29 07:03:40] Total 3850 files processed
[INFO]-[2020/10/29 07:03:40] Total 3850 files processed
[INFO]-[2020/10/29 07:03:40] Total 3850 files processed
[INFO]-[2020/10/29 07:03:42] Total 3900 files processed
[INFO]-[2020/10/29 07:03:42] Total 3900 files processed
[INFO]-[2020/10/29 07:03:42] Total 3900 files processed
[INFO]-[2020/10/29 07:03:44] Total 3950 files processed
[INFO]-[2020/10/29 07:03:44] Total 3950 files processed
[INFO]-[2020/10/29 07:03:44] Total 3950 files processed
[WARNING]-[2020/10/29 07:03:45] File doesn't exist /home/hmsshakil/public_html/personalblog/
[WARNING]-[2020/10/29 07:03:45] File doesn't exist /home/hmsshakil/public_html/personalblog/
[WARNING]-[2020/10/29 07:03:45] File doesn't exist /home/hmsshakil/public_html/personalblog/
[INFO]-[2020/10/29 07:03:45] Copying files finished
[INFO]-[2020/10/29 07:03:45] Copying files finished
[INFO]-[2020/10/29 07:03:45] Copying files finished
[INFO]-[2020/10/29 07:03:45] DB Data Step0: Copy wp-config.php file
[INFO]-[2020/10/29 07:03:45] DB Data Step0: Skipping: wp-config.php already exists in /home/hmsshakil/public_html/personalblog/1603954835005/wp-config.php
[INFO]-[2020/10/29 07:03:45] DB Data Step0: Copy wp-config.php file
[INFO]-[2020/10/29 07:03:45] DB Data Step0: Skipping: wp-config.php already exists in /home/hmsshakil/public_html/personalblog/1603954835005/wp-config.php
[INFO]-[2020/10/29 07:03:45] DB Data Step0: Copy wp-config.php file
[INFO]-[2020/10/29 07:03:45] DB Data Step0: Skipping: wp-config.php already exists in /home/hmsshakil/public_html/personalblog/1603954835005/wp-config.php
[INFO]-[2020/10/29 07:03:45] DB Data Step1: Updating siteurl and homeurl in wpstg0_options to http://personalblog.hmsshakil.xyz/1603954835005
[INFO]-[2020/10/29 07:03:45] DB Data Step1: Updating siteurl and homeurl in wpstg0_options to http://personalblog.hmsshakil.xyz/1603954835005
[INFO]-[2020/10/29 07:03:45] DB Data Step1: Updating siteurl and homeurl in wpstg0_options to http://personalblog.hmsshakil.xyz/1603954835005
[INFO]-[2020/10/29 07:03:46] DB Data Step2: Updating wpstg0_options 
[INFO]-[2020/10/29 07:03:46] DB Data Step2: Updating wpstg0_options 
[INFO]-[2020/10/29 07:03:46] DB Data Step2: Updating wpstg0_options 
[INFO]-[2020/10/29 07:03:46] DB Data Step3: Updating db prefix in wpstg0_usermeta.
[INFO]-[2020/10/29 07:03:46] DB Data Step3: Updating db prefix in wpstg0_usermeta.
[INFO]-[2020/10/29 07:03:46] DB Data Step3: Updating db prefix in wpstg0_usermeta.
[INFO]-[2020/10/29 07:03:46] DB Data Step4: Updating table_prefix in /home/hmsshakil/public_html/personalblog/1603954835005/wp-config.php to wpstg0_
[INFO]-[2020/10/29 07:03:46] DB Data Step4: Updating table_prefix in /home/hmsshakil/public_html/personalblog/1603954835005/wp-config.php to wpstg0_
[INFO]-[2020/10/29 07:03:46] DB Data Step4: Updating table_prefix in /home/hmsshakil/public_html/personalblog/1603954835005/wp-config.php to wpstg0_
[INFO]-[2020/10/29 07:03:46] DB Data Step5: WP installation is not in a subdirectory! Skipping this step
[INFO]-[2020/10/29 07:03:46] DB Data Step5: WP installation is not in a subdirectory! Skipping this step
[INFO]-[2020/10/29 07:03:46] DB Data Step5: WP installation is not in a subdirectory! Skipping this step
[INFO]-[2020/10/29 07:03:47] DB Data Step6: Updating db prefix in wpstg0_options.
[INFO]-[2020/10/29 07:03:47] DB Data Step6: Updating db prefix in wpstg0_options.
[INFO]-[2020/10/29 07:03:47] DB Data Step6: Updating db prefix in wpstg0_options.
[INFO]-[2020/10/29 07:03:47] DB Data Step7: Updating constants in wp-config.php
[INFO]-[2020/10/29 07:03:47] DB Data Step7: Added:UPLOADS
[INFO]-[2020/10/29 07:03:47] DB Data Step7: Added:WP_PLUGIN_DIR
[INFO]-[2020/10/29 07:03:47] DB Data Step7: Added:WP_LANG_DIR
[INFO]-[2020/10/29 07:03:47] DB Data Step7: Added:WP_HOME
[INFO]-[2020/10/29 07:03:47] DB Data Step7: Added:WP_SITEURL
[INFO]-[2020/10/29 07:03:47] DB Data Step7: Added:WP_CACHE
[INFO]-[2020/10/29 07:03:47] DB Data Step7: Added:WP_ENVIRONMENT_TYPE
[INFO]-[2020/10/29 07:03:47] DB Data Step7: Skipping: WP_ALLOW_MULTISITE not defined in wp-config.php.
[INFO]-[2020/10/29 07:03:47] DB Data Step7: Skipping: MULTISITE not defined in wp-config.php.
[INFO]-[2020/10/29 07:03:47] DB Data Step7: Updating constants in wp-config.php
[INFO]-[2020/10/29 07:03:47] DB Data Step7: Added:UPLOADS
[INFO]-[2020/10/29 07:03:47] DB Data Step7: Added:WP_PLUGIN_DIR
[INFO]-[2020/10/29 07:03:47] DB Data Step7: Added:WP_LANG_DIR
[INFO]-[2020/10/29 07:03:47] DB Data Step7: Added:WP_HOME
[INFO]-[2020/10/29 07:03:47] DB Data Step7: Added:WP_SITEURL
[INFO]-[2020/10/29 07:03:47] DB Data Step7: Added:WP_CACHE
[INFO]-[2020/10/29 07:03:47] DB Data Step7: Added:WP_ENVIRONMENT_TYPE
[INFO]-[2020/10/29 07:03:47] DB Data Step7: Skipping: WP_ALLOW_MULTISITE not defined in wp-config.php.
[INFO]-[2020/10/29 07:03:47] DB Data Step7: Skipping: MULTISITE not defined in wp-config.php.
[INFO]-[2020/10/29 07:03:47] DB Data Step7: Updating constants in wp-config.php
[INFO]-[2020/10/29 07:03:47] DB Data Step7: Added:UPLOADS
[INFO]-[2020/10/29 07:03:47] DB Data Step7: Added:WP_PLUGIN_DIR
[INFO]-[2020/10/29 07:03:47] DB Data Step7: Added:WP_LANG_DIR
[INFO]-[2020/10/29 07:03:47] DB Data Step7: Added:WP_HOME
[INFO]-[2020/10/29 07:03:47] DB Data Step7: Added:WP_SITEURL
[INFO]-[2020/10/29 07:03:47] DB Data Step7: Added:WP_CACHE
[INFO]-[2020/10/29 07:03:47] DB Data Step7: Added:WP_ENVIRONMENT_TYPE
[INFO]-[2020/10/29 07:03:47] DB Data Step7: Skipping: WP_ALLOW_MULTISITE not defined in wp-config.php.
[INFO]-[2020/10/29 07:03:47] DB Data Step7: Skipping: MULTISITE not defined in wp-config.php.
[]-[] 
[]-[] 
[]-[] 
[INFO]-[2020/10/29 07:03:48] Finish: Deleting clone job's cache files...
[INFO]-[2020/10/29 07:03:48] Finish: Clone job's cache files have been deleted!
[INFO]-[2020/10/29 07:03:48] Finish: Verifying existing clones...
[INFO]-[2020/10/29 07:03:48] Finish: The job finished!
[INFO]-[2020/10/29 07:03:48] Finish: Deleting clone job's cache files...
[INFO]-[2020/10/29 07:03:48] Finish: Clone job's cache files have been deleted!
[INFO]-[2020/10/29 07:03:48] Finish: Verifying existing clones...
[INFO]-[2020/10/29 07:03:48] Finish: The job finished!
[INFO]-[2020/10/29 07:03:48] Finish: Deleting clone job's cache files...
[INFO]-[2020/10/29 07:03:48] Finish: Clone job's cache files have been deleted!
[INFO]-[2020/10/29 07:03:48] Finish: Verifying existing clones...
[INFO]-[2020/10/29 07:03:48] Finish: The job finished!
